{"logLevel":"debug","message":"multithreading is set to false"}
{"logLevel":"debug","message":"Using reflection to scan dependencies for gauge implementations..."}
{"logLevel":"debug","message":"gauge-java took 1106milliseconds to load and scan. This should be less than 'runner_connection_timeout' config value."}
{"logLevel":"debug","message":"run 'gauge config runner_connection_timeout' and verify that it is < 1106"}
{"logLevel":"debug","message":"starting gRPC server..."}
{"logLevel":"debug","message":"started gRPC server on port 62641"}
{"logLevel":"info","message":"Listening on port:62641"}
{"logLevel":"debug","message":"Scanning packages for steps"}
{"logLevel":"debug","message":"Comparing 'org.example.pages.LoginPage.checkLogin' and 'org.example.pages.LoginPage.checkLogin'"}
{"logLevel":"debug","message":"Found Login page doğrulama in current project scope."}
{"logLevel":"debug","message":"Comparing 'org.example.StepImplementation.clickElementByid' and 'org.example.StepImplementation.clickElementByid'"}
{"logLevel":"debug","message":"Found {} İd'li elemente tıkla in current project scope."}
{"logLevel":"debug","message":"Comparing 'org.example.StepImplementation.clickElementByxpath' and 'org.example.StepImplementation.clickElementByxpath'"}
{"logLevel":"debug","message":"Found {} xpath'li elemente tıkla in current project scope."}
{"logLevel":"debug","message":"Comparing 'org.example.StepImplementation.ScrollRandomPos' and 'org.example.StepImplementation.ScrollRandomPos'"}
{"logLevel":"debug","message":"Found sayfa boyunca scroll et in current project scope."}
{"logLevel":"debug","message":"Comparing 'org.example.StepImplementation.waitSeconds' and 'org.example.StepImplementation.waitSeconds'"}
{"logLevel":"debug","message":"Found {} saniye bekle in current project scope."}
{"logLevel":"debug","message":"Comparing 'org.example.StepImplementation.SendkeyElementByid' and 'org.example.StepImplementation.SendkeyElementByid'"}
{"logLevel":"debug","message":"Found {} İd'li elemente {} değerini yaz in current project scope."}
{"logLevel":"debug","message":"Comparing 'org.example.StepImplementation.findAllProducts' and 'org.example.StepImplementation.findAllProducts'"}
{"logLevel":"debug","message":"Found {} xpath'te bulunan sayfada görünen tüm ürünleri bul in current project scope."}
{"logLevel":"debug","message":"Comparing 'org.example.pages.WelcomePage.open' and 'org.example.pages.WelcomePage.open'"}
{"logLevel":"debug","message":"Found Açılış Sayfası Kontrol in current project scope."}
{"logLevel":"debug","message":"Comparing 'org.example.StepImplementation.addToBasket' and 'org.example.StepImplementation.addToBasket'"}
{"logLevel":"debug","message":"Found Sepete ekle in current project scope."}
{"logLevel":"debug","message":"Comparing 'org.example.pages.ProductPage.checkProductDetail' and 'org.example.pages.ProductPage.checkProductDetail'"}
{"logLevel":"debug","message":"Found Product detail sayfası doğrulama in current project scope."}
{"logLevel":"debug","message":"Comparing 'org.example.pages.CategoryPage.checkCategoryPage' and 'org.example.pages.CategoryPage.checkCategoryPage'"}
{"logLevel":"debug","message":"Found Kategori Sayfası Kontrol in current project scope."}
{"logLevel":"debug","message":"Comparing 'org.example.pages.ShoppingPage.checkShopping' and 'org.example.pages.ShoppingPage.checkShopping'"}
{"logLevel":"debug","message":"Found Alışveriş Sayfası Doğrula in current project scope."}
{"logLevel":"debug","message":"Scanning packages for hooks"}
{"logLevel":"debug","message":"Scanned steps (using static parsing + reflections): "}
{"logLevel":"debug","message":"\tSepete ekle : public void addToBasket()"}
{"logLevel":"debug","message":"\t{} xpath'li elemente tıkla : public void clickElementByxpath(String Key)"}
{"logLevel":"debug","message":"\tKategori Sayfası Kontrol : public void checkCategoryPage()"}
{"logLevel":"debug","message":"\tAlışveriş Sayfası Doğrula : public void checkShopping()"}
{"logLevel":"debug","message":"\tAçılış Sayfası Kontrol : public void open()"}
{"logLevel":"debug","message":"\t{} İd'li elemente {} değerini yaz : public void SendkeyElementByid(String Key, String keyword)"}
{"logLevel":"debug","message":"\tProduct detail sayfası doğrulama : public void checkProductDetail()"}
{"logLevel":"debug","message":"\tsayfa boyunca scroll et : public void ScrollRandomPos()"}
{"logLevel":"debug","message":"\t{} saniye bekle : public void waitSeconds(ınt seconds)"}
{"logLevel":"debug","message":"\t{} xpath'te bulunan sayfada görünen tüm ürünleri bul : public void findAllProducts(String Key)"}
{"logLevel":"debug","message":"\tLogin page doğrulama : public void checkLogin()"}
{"logLevel":"debug","message":"\t{} İd'li elemente tıkla : public void clickElementByid(String Key)"}
{"logLevel":"debug","message":"Killing Java runner..."}
{"logLevel":"debug","message":"Stopping execution pool..."}
{"logLevel":"debug","message":"Shutting down grpc server..."}
{"logLevel":"debug","message":"Runner killed gracefully."}
