30-10-2021 14:28:33.618 [Gauge] [INFO] Watching directory: C:\Users\testinium\OneDrive\Masaüstü\selenium-ödev\selenium-ödev\trendyol-selenium\polenodev\specs
30-10-2021 14:28:33.621 [Gauge] [DEBUG] Found 1 files
30-10-2021 14:28:33.622 [Gauge] [INFO] Initializing concepts cache with 0 concepts
30-10-2021 14:28:33.624 [Gauge] [INFO] Initializing specs cache with 1 specs
30-10-2021 14:28:33.624 [Gauge] [DEBUG] Adding specs from C:\Users\testinium\OneDrive\Masaüstü\selenium-ödev\selenium-ödev\trendyol-selenium\polenodev\specs\example.spec
30-10-2021 14:28:33.624 [Gauge] [INFO] Initializing steps cache with 1 steps
30-10-2021 14:28:33.624 [Gauge] [INFO] Gauge daemon initialized and listening on port: 63870
30-10-2021 14:28:34.050 [Gauge] [DEBUG] Api Request Received: messageType:GetLanguagePluginLibPathRequest messageId:5 libPathRequest:<language:"java" > 
30-10-2021 14:28:34.052 [Gauge] [DEBUG] Sending API response: messageType:GetLanguagePluginLibPathResponse messageId:5 libPathResponse:<path:"C:\\Users\\testinium\\AppData\\Roaming\\gauge\\plugins\\java\\0.7.15\\libs" > 
30-10-2021 14:28:45.421 [Gauge] [INFO] Watching directory: C:\Users\testinium\OneDrive\Masaüstü\selenium-ödev\selenium-ödev\trendyol-selenium\polenodev\specs
30-10-2021 14:28:45.421 [Gauge] [DEBUG] Found 1 files
30-10-2021 14:28:45.423 [Gauge] [INFO] Initializing concepts cache with 0 concepts
30-10-2021 14:28:45.425 [Gauge] [INFO] Initializing specs cache with 1 specs
30-10-2021 14:28:45.425 [Gauge] [DEBUG] Adding specs from C:\Users\testinium\OneDrive\Masaüstü\selenium-ödev\selenium-ödev\trendyol-selenium\polenodev\specs\example.spec
30-10-2021 14:28:45.425 [Gauge] [INFO] Initializing steps cache with 1 steps
30-10-2021 14:28:45.425 [Gauge] [INFO] Gauge daemon initialized and listening on port: 63887
30-10-2021 14:28:50.477 [Gauge] [INFO] Spec file added / modified: C:\Users\testinium\OneDrive\Masaüstü\selenium-ödev\selenium-ödev\trendyol-selenium\polenodev\specs\example.spec
30-10-2021 14:42:53.595 [Gauge] [DEBUG] Api Request Received: messageType:GetStepValueRequest messageId:4 stepValueRequest:<stepText:"sayfa boyunca scroll et" > 
30-10-2021 14:42:53.597 [Gauge] [DEBUG] Sending API response: messageType:GetStepValueResponse messageId:4 stepValueResponse:<stepValue:<stepValue:"sayfa boyunca scroll et" parameterizedStepValue:"sayfa boyunca scroll et" > > 
30-10-2021 14:42:53.617 [Gauge] [DEBUG] Api Request Received: messageType:GetStepValueRequest messageId:4 stepValueRequest:<stepText:"<Key> xpath'te bulunan sayfada g\303\266r\303\274nen t\303\274m \303\274r\303\274nleri bul ve rastgele bir \303\274r\303\274ne t\304\261kla" > 
30-10-2021 14:42:53.617 [Gauge] [DEBUG] Sending API response: messageType:GetStepValueResponse messageId:4 stepValueResponse:<stepValue:<stepValue:"{} xpath'te bulunan sayfada g\303\266r\303\274nen t\303\274m \303\274r\303\274nleri bul ve rastgele bir \303\274r\303\274ne t\304\261kla" parameterizedStepValue:"<Key> xpath'te bulunan sayfada g\303\266r\303\274nen t\303\274m \303\274r\303\274nleri bul ve rastgele bir \303\274r\303\274ne t\304\261kla" parameters:"Key" > > 
30-10-2021 14:42:53.680 [Gauge] [DEBUG] Api Request Received: messageType:GetStepValueRequest messageId:4 stepValueRequest:<stepText:"Sepete ekle" > 
30-10-2021 14:42:53.680 [Gauge] [DEBUG] Sending API response: messageType:GetStepValueResponse messageId:4 stepValueResponse:<stepValue:<stepValue:"Sepete ekle" parameterizedStepValue:"Sepete ekle" > > 
30-10-2021 14:59:16.218 [Gauge] [INFO] Spec file removed: C:\Users\testinium\OneDrive\Masaüstü\selenium-ödev\selenium-ödev\trendyol-selenium\polenodev\specs\example.spec
30-10-2021 15:01:49.207 [Gauge] [DEBUG] Api Request Received: messageType:GetStepValueRequest messageId:4 stepValueRequest:<stepText:"Kategori Sayfas\304\261 Kontrol" > 
30-10-2021 15:01:49.218 [Gauge] [DEBUG] Sending API response: messageType:GetStepValueResponse messageId:4 stepValueResponse:<stepValue:<stepValue:"Kategori Sayfas\304\261 Kontrol" parameterizedStepValue:"Kategori Sayfas\304\261 Kontrol" > > 
30-10-2021 15:02:24.092 [Gauge] [DEBUG] Api Request Received: messageType:GetStepValueRequest messageId:4 stepValueRequest:<stepText:"Login page do\304\237rulama" > 
30-10-2021 15:02:24.094 [Gauge] [DEBUG] Sending API response: messageType:GetStepValueResponse messageId:4 stepValueResponse:<stepValue:<stepValue:"Login page do\304\237rulama" parameterizedStepValue:"Login page do\304\237rulama" > > 
30-10-2021 15:02:57.545 [Gauge] [DEBUG] Api Request Received: messageType:GetStepValueRequest messageId:4 stepValueRequest:<stepText:"Product detail sayfas\304\261 do\304\237rulama" > 
30-10-2021 15:02:57.550 [Gauge] [DEBUG] Sending API response: messageType:GetStepValueResponse messageId:4 stepValueResponse:<stepValue:<stepValue:"Product detail sayfas\304\261 do\304\237rulama" parameterizedStepValue:"Product detail sayfas\304\261 do\304\237rulama" > > 
30-10-2021 15:04:14.746 [Gauge] [DEBUG] Api Request Received: messageType:GetStepValueRequest messageId:4 stepValueRequest:<stepText:"Al\304\261\305\237veri\305\237 Sayfas\304\261 Do\304\237rula" > 
30-10-2021 15:04:14.746 [Gauge] [DEBUG] Sending API response: messageType:GetStepValueResponse messageId:4 stepValueResponse:<stepValue:<stepValue:"Al\304\261\305\237veri\305\237 Sayfas\304\261 Do\304\237rula" parameterizedStepValue:"Al\304\261\305\237veri\305\237 Sayfas\304\261 Do\304\237rula" > > 
30-10-2021 15:05:12.534 [Gauge] [DEBUG] Api Request Received: messageType:GetStepValueRequest messageId:4 stepValueRequest:<stepText:"A\303\247\304\261l\304\261\305\237 Sayfas\304\261 Kontrol" > 
30-10-2021 15:05:12.534 [Gauge] [DEBUG] Sending API response: messageType:GetStepValueResponse messageId:4 stepValueResponse:<stepValue:<stepValue:"A\303\247\304\261l\304\261\305\237 Sayfas\304\261 Kontrol" parameterizedStepValue:"A\303\247\304\261l\304\261\305\237 Sayfas\304\261 Kontrol" > > 
30-10-2021 15:06:32.915 [Gauge] [INFO] Concept file added / modified: C:\Users\testinium\OneDrive\Masaüstü\selenium-ödev\selenium-ödev\trendyol-selenium\polenodev\specs\main.cpt
30-10-2021 15:06:32.934 [Gauge] [INFO] Concept file added / modified: C:\Users\testinium\OneDrive\Masaüstü\selenium-ödev\selenium-ödev\trendyol-selenium\polenodev\specs\main.cpt
30-10-2021 15:06:32.949 [Gauge] [INFO] Concept file added / modified: C:\Users\testinium\OneDrive\Masaüstü\selenium-ödev\selenium-ödev\trendyol-selenium\polenodev\specs\main.cpt
30-10-2021 15:06:37.335 [Gauge] [INFO] Concept file added / modified: C:\Users\testinium\OneDrive\Masaüstü\selenium-ödev\selenium-ödev\trendyol-selenium\polenodev\specs\main.cpt
30-10-2021 15:06:37.981 [Gauge] [INFO] Concept file added / modified: C:\Users\testinium\OneDrive\Masaüstü\selenium-ödev\selenium-ödev\trendyol-selenium\polenodev\specs\main.cpt
30-10-2021 15:06:37.997 [Gauge] [INFO] Concept file added / modified: C:\Users\testinium\OneDrive\Masaüstü\selenium-ödev\selenium-ödev\trendyol-selenium\polenodev\specs\main.cpt
30-10-2021 15:06:45.738 [Gauge] [INFO] Concept file added / modified: C:\Users\testinium\OneDrive\Masaüstü\selenium-ödev\selenium-ödev\trendyol-selenium\polenodev\specs\main.cpt
30-10-2021 15:06:45.744 [Gauge] [INFO] Concept file added / modified: C:\Users\testinium\OneDrive\Masaüstü\selenium-ödev\selenium-ödev\trendyol-selenium\polenodev\specs\main.cpt
30-10-2021 15:06:46.561 [Gauge] [DEBUG] Api Request Received: messageType:GetStepValueRequest messageId:4 stepValueRequest:<stepText:"Rastgele bir \303\274r\303\274n se\303\247 ve sepete ekle" > 
30-10-2021 15:06:46.564 [Gauge] [DEBUG] Sending API response: messageType:GetStepValueResponse messageId:4 stepValueResponse:<stepValue:<stepValue:"Rastgele bir \303\274r\303\274n se\303\247 ve sepete ekle" parameterizedStepValue:"Rastgele bir \303\274r\303\274n se\303\247 ve sepete ekle" > > 
30-10-2021 15:06:46.592 [Gauge] [DEBUG] Api Request Received: messageType:GetStepValueRequest messageId:4 stepValueRequest:<stepText:"Specification Heading" > 
30-10-2021 15:06:46.597 [Gauge] [DEBUG] Sending API response: messageType:GetStepValueResponse messageId:4 stepValueResponse:<stepValue:<stepValue:"Specification Heading" parameterizedStepValue:"Specification Heading" > > 
30-10-2021 15:06:46.875 [Gauge] [DEBUG] Api Request Received: messageType:GetStepValueRequest messageId:4 stepValueRequest:<stepText:"Al\304\261\305\237veri\305\237e Ba\305\237la" > 
30-10-2021 15:06:46.875 [Gauge] [DEBUG] Sending API response: messageType:GetStepValueResponse messageId:4 stepValueResponse:<stepValue:<stepValue:"Al\304\261\305\237veri\305\237e Ba\305\237la" parameterizedStepValue:"Al\304\261\305\237veri\305\237e Ba\305\237la" > > 
30-10-2021 15:06:46.912 [Gauge] [DEBUG] Api Request Received: messageType:GetStepValueRequest messageId:4 stepValueRequest:<stepText:"Kad\304\261n kategorisinde pantolon sayfas\304\261na git" > 
30-10-2021 15:06:46.912 [Gauge] [DEBUG] Sending API response: messageType:GetStepValueResponse messageId:4 stepValueResponse:<stepValue:<stepValue:"Kad\304\261n kategorisinde pantolon sayfas\304\261na git" parameterizedStepValue:"Kad\304\261n kategorisinde pantolon sayfas\304\261na git" > > 
30-10-2021 15:06:47.009 [Gauge] [DEBUG] Api Request Received: messageType:GetStepValueRequest messageId:4 stepValueRequest:<stepText:"\304\260ki defa scroll et ve rastgele bir \303\274r\303\274n se\303\247" > 
30-10-2021 15:06:47.017 [Gauge] [DEBUG] Sending API response: messageType:GetStepValueResponse messageId:4 stepValueResponse:<stepValue:<stepValue:"\304\260ki defa scroll et ve rastgele bir \303\274r\303\274n se\303\247" parameterizedStepValue:"\304\260ki defa scroll et ve rastgele bir \303\274r\303\274n se\303\247" > > 
30-10-2021 15:06:47.065 [Gauge] [DEBUG] Api Request Received: messageType:GetStepValueRequest messageId:4 stepValueRequest:<stepText:"Login sayfas\304\261nda i\305\237lemleri yap" > 
30-10-2021 15:06:47.075 [Gauge] [DEBUG] Sending API response: messageType:GetStepValueResponse messageId:4 stepValueResponse:<stepValue:<stepValue:"Login sayfas\304\261nda i\305\237lemleri yap" parameterizedStepValue:"Login sayfas\304\261nda i\305\237lemleri yap" > > 
30-10-2021 15:06:47.195 [Gauge] [DEBUG] Api Request Received: messageType:GetStepValueRequest messageId:4 stepValueRequest:<stepText:"\304\260ki defa geri git" > 
30-10-2021 15:06:47.196 [Gauge] [DEBUG] Sending API response: messageType:GetStepValueResponse messageId:4 stepValueResponse:<stepValue:<stepValue:"\304\260ki defa geri git" parameterizedStepValue:"\304\260ki defa geri git" > > 
30-10-2021 15:07:16.325 [Gauge] [INFO] Concept file added / modified: C:\Users\testinium\OneDrive\Masaüstü\selenium-ödev\selenium-ödev\trendyol-selenium\polenodev\specs\steps.cpt
30-10-2021 15:07:16.339 [Gauge] [INFO] Concept file added / modified: C:\Users\testinium\OneDrive\Masaüstü\selenium-ödev\selenium-ödev\trendyol-selenium\polenodev\specs\steps.cpt
30-10-2021 15:07:16.345 [Gauge] [INFO] Concept file added / modified: C:\Users\testinium\OneDrive\Masaüstü\selenium-ödev\selenium-ödev\trendyol-selenium\polenodev\specs\steps.cpt
30-10-2021 15:07:26.489 [Gauge] [INFO] Concept file added / modified: C:\Users\testinium\OneDrive\Masaüstü\selenium-ödev\selenium-ödev\trendyol-selenium\polenodev\specs\steps.cpt
30-10-2021 15:07:35.342 [Gauge] [INFO] Concept file added / modified: C:\Users\testinium\OneDrive\Masaüstü\selenium-ödev\selenium-ödev\trendyol-selenium\polenodev\specs\steps.cpt
30-10-2021 15:07:35.354 [Gauge] [INFO] Concept file added / modified: C:\Users\testinium\OneDrive\Masaüstü\selenium-ödev\selenium-ödev\trendyol-selenium\polenodev\specs\main.cpt
30-10-2021 15:07:35.378 [Gauge] [ERROR] Parse failure: [[ParseError] C:\Users\testinium\OneDrive\Masaüstü\selenium-ödev\selenium-ödev\trendyol-selenium\polenodev\specs\main.cpt:10 Scenario Heading is not allowed in concept file => 'Ozdilek EndToEnd']
30-10-2021 15:07:35.378 [Gauge] [INFO] Concept file added / modified: C:\Users\testinium\OneDrive\Masaüstü\selenium-ödev\selenium-ödev\trendyol-selenium\polenodev\specs\main.cpt
30-10-2021 15:07:35.379 [Gauge] [ERROR] Parse failure: [[ParseError] C:\Users\testinium\OneDrive\Masaüstü\selenium-ödev\selenium-ödev\trendyol-selenium\polenodev\specs\main.cpt:10 Scenario Heading is not allowed in concept file => 'Ozdilek EndToEnd']
30-10-2021 15:07:46.176 [Gauge] [INFO] Concept file added / modified: C:\Users\testinium\OneDrive\Masaüstü\selenium-ödev\selenium-ödev\trendyol-selenium\polenodev\specs\main.cpt
30-10-2021 15:07:46.178 [Gauge] [ERROR] Parse failure: [[ParseError] C:\Users\testinium\OneDrive\Masaüstü\selenium-ödev\selenium-ödev\trendyol-selenium\polenodev\specs\main.cpt:10 Scenario Heading is not allowed in concept file => 'Ozdilek EndToEnd']
30-10-2021 15:07:46.178 [Gauge] [INFO] Concept file added / modified: C:\Users\testinium\OneDrive\Masaüstü\selenium-ödev\selenium-ödev\trendyol-selenium\polenodev\specs\main.cpt
30-10-2021 15:07:46.180 [Gauge] [ERROR] Parse failure: [[ParseError] C:\Users\testinium\OneDrive\Masaüstü\selenium-ödev\selenium-ödev\trendyol-selenium\polenodev\specs\main.cpt:10 Scenario Heading is not allowed in concept file => 'Ozdilek EndToEnd']
30-10-2021 15:07:46.186 [Gauge] [INFO] Concept file added / modified: C:\Users\testinium\OneDrive\Masaüstü\selenium-ödev\selenium-ödev\trendyol-selenium\polenodev\specs\steps.cpt
30-10-2021 15:07:50.369 [Gauge] [DEBUG] Api Request Received: messageType:GetStepValueRequest messageId:4 stepValueRequest:<stepText:"\"com.ozdilek.ozdilekteyim:id/nav_categories\" \304\260d'li elemente t\304\261kla" > 
30-10-2021 15:07:50.370 [Gauge] [DEBUG] Sending API response: messageType:GetStepValueResponse messageId:4 stepValueResponse:<stepValue:<stepValue:"{} \304\260d'li elemente t\304\261kla" parameterizedStepValue:"<com.ozdilek.ozdilekteyim:id/nav_categories> \304\260d'li elemente t\304\261kla" parameters:"com.ozdilek.ozdilekteyim:id/nav_categories" > > 
30-10-2021 15:07:50.635 [Gauge] [DEBUG] Api Request Received: messageType:GetStepValueRequest messageId:4 stepValueRequest:<stepText:"\"//android.widget.ImageView[@resource-id='com.ozdilek.ozdilekteyim:id/imageView']\" xpath'te bulunan sayfada g\303\266r\303\274nen t\303\274m \303\274r\303\274nleri bul ve rastgele bir \303\274r\303\274ne t\304\261kla" > 
30-10-2021 15:07:50.635 [Gauge] [DEBUG] Sending API response: messageType:GetStepValueResponse messageId:4 stepValueResponse:<stepValue:<stepValue:"{} xpath'te bulunan sayfada g\303\266r\303\274nen t\303\274m \303\274r\303\274nleri bul ve rastgele bir \303\274r\303\274ne t\304\261kla" parameterizedStepValue:"<//android.widget.ImageView[@resource-id='com.ozdilek.ozdilekteyim:id/imageView']> xpath'te bulunan sayfada g\303\266r\303\274nen t\303\274m \303\274r\303\274nleri bul ve rastgele bir \303\274r\303\274ne t\304\261kla" parameters:"//android.widget.ImageView[@resource-id='com.ozdilek.ozdilekteyim:id/imageView']" > > 
30-10-2021 15:07:50.658 [Gauge] [DEBUG] Api Request Received: messageType:GetStepValueRequest messageId:4 stepValueRequest:<stepText:"\"com.ozdilek.ozdilekteyim:id/imgFav\" \304\260d'li elemente t\304\261kla" > 
30-10-2021 15:07:50.660 [Gauge] [DEBUG] Sending API response: messageType:GetStepValueResponse messageId:4 stepValueResponse:<stepValue:<stepValue:"{} \304\260d'li elemente t\304\261kla" parameterizedStepValue:"<com.ozdilek.ozdilekteyim:id/imgFav> \304\260d'li elemente t\304\261kla" parameters:"com.ozdilek.ozdilekteyim:id/imgFav" > > 
30-10-2021 15:07:50.661 [Gauge] [DEBUG] Api Request Received: messageType:GetStepValueRequest messageId:4 stepValueRequest:<stepText:"\"com.ozdilek.ozdilekteyim:id/etEposta\" \304\260d'li elemente \"text\" de\304\237erini yaz" > 
30-10-2021 15:07:50.664 [Gauge] [DEBUG] Sending API response: messageType:GetStepValueResponse messageId:4 stepValueResponse:<stepValue:<stepValue:"{} \304\260d'li elemente {} de\304\237erini yaz" parameterizedStepValue:"<com.ozdilek.ozdilekteyim:id/etEposta> \304\260d'li elemente <text> de\304\237erini yaz" parameters:"com.ozdilek.ozdilekteyim:id/etEposta" parameters:"text" > > 
30-10-2021 15:07:50.665 [Gauge] [DEBUG] Api Request Received: messageType:GetStepValueRequest messageId:4 stepValueRequest:<stepText:"\"com.ozdilek.ozdilekteyim:id/etPassword\" \304\260d'li elemente \"sifre\" de\304\237erini yaz" > 
30-10-2021 15:07:50.667 [Gauge] [DEBUG] Sending API response: messageType:GetStepValueResponse messageId:4 stepValueResponse:<stepValue:<stepValue:"{} \304\260d'li elemente {} de\304\237erini yaz" parameterizedStepValue:"<com.ozdilek.ozdilekteyim:id/etPassword> \304\260d'li elemente <sifre> de\304\237erini yaz" parameters:"com.ozdilek.ozdilekteyim:id/etPassword" parameters:"sifre" > > 
30-10-2021 15:07:50.668 [Gauge] [DEBUG] Api Request Received: messageType:GetStepValueRequest messageId:4 stepValueRequest:<stepText:"\"com.ozdilek.ozdilekteyim:id/ivBack\" \304\260d'li elemente t\304\261kla" > 
30-10-2021 15:07:50.670 [Gauge] [DEBUG] Sending API response: messageType:GetStepValueResponse messageId:4 stepValueResponse:<stepValue:<stepValue:"{} \304\260d'li elemente t\304\261kla" parameterizedStepValue:"<com.ozdilek.ozdilekteyim:id/ivBack> \304\260d'li elemente t\304\261kla" parameters:"com.ozdilek.ozdilekteyim:id/ivBack" > > 
30-10-2021 15:07:50.671 [Gauge] [DEBUG] Api Request Received: messageType:GetStepValueRequest messageId:4 stepValueRequest:<stepText:"\"2\" saniye bekle" > 
30-10-2021 15:07:50.677 [Gauge] [DEBUG] Sending API response: messageType:GetStepValueResponse messageId:4 stepValueResponse:<stepValue:<stepValue:"{} saniye bekle" parameterizedStepValue:"<2> saniye bekle" parameters:"2" > > 
30-10-2021 15:07:50.678 [Gauge] [DEBUG] Api Request Received: messageType:GetStepValueRequest messageId:4 stepValueRequest:<stepText:"\"com.ozdilek.ozdilekteyim:id/tv_startShoppingStore\" \304\260d'li elemente t\304\261kla" > 
30-10-2021 15:07:50.680 [Gauge] [DEBUG] Sending API response: messageType:GetStepValueResponse messageId:4 stepValueResponse:<stepValue:<stepValue:"{} \304\260d'li elemente t\304\261kla" parameterizedStepValue:"<com.ozdilek.ozdilekteyim:id/tv_startShoppingStore> \304\260d'li elemente t\304\261kla" parameters:"com.ozdilek.ozdilekteyim:id/tv_startShoppingStore" > > 
30-10-2021 15:07:50.681 [Gauge] [DEBUG] Api Request Received: messageType:GetStepValueRequest messageId:4 stepValueRequest:<stepText:"\"//android.widget.RelativeLayout[@index=1]\" xpath'li elemente t\304\261kla" > 
30-10-2021 15:07:50.685 [Gauge] [DEBUG] Sending API response: messageType:GetStepValueResponse messageId:4 stepValueResponse:<stepValue:<stepValue:"{} xpath'li elemente t\304\261kla" parameterizedStepValue:"<//android.widget.RelativeLayout[@index=1]> xpath'li elemente t\304\261kla" parameters:"//android.widget.RelativeLayout[@index=1]" > > 
30-10-2021 15:07:50.686 [Gauge] [DEBUG] Api Request Received: messageType:GetStepValueRequest messageId:4 stepValueRequest:<stepText:"\"//android.widget.TextView[@text='Pantolon']\" xpath'li elemente t\304\261kla" > 
30-10-2021 15:07:50.688 [Gauge] [DEBUG] Sending API response: messageType:GetStepValueResponse messageId:4 stepValueResponse:<stepValue:<stepValue:"{} xpath'li elemente t\304\261kla" parameterizedStepValue:"<//android.widget.TextView[@text='Pantolon']> xpath'li elemente t\304\261kla" parameters:"//android.widget.TextView[@text='Pantolon']" > > 
30-10-2021 15:07:50.771 [Gauge] [DEBUG] Api Request Received: messageType:GetStepValueRequest messageId:4 stepValueRequest:<stepText:" Al\304\261\305\237veri\305\237e Ba\305\237la" > 
30-10-2021 15:07:50.775 [Gauge] [DEBUG] Sending API response: messageType:GetStepValueResponse messageId:4 stepValueResponse:<stepValue:<stepValue:"Al\304\261\305\237veri\305\237e Ba\305\237la" parameterizedStepValue:"Al\304\261\305\237veri\305\237e Ba\305\237la" > > 
30-10-2021 15:07:50.824 [Gauge] [DEBUG] Api Request Received: messageType:GetStepValueRequest messageId:4 stepValueRequest:<stepText:" Kad\304\261n kategorisinde pantolon sayfas\304\261na git" > 
30-10-2021 15:07:50.827 [Gauge] [DEBUG] Sending API response: messageType:GetStepValueResponse messageId:4 stepValueResponse:<stepValue:<stepValue:"Kad\304\261n kategorisinde pantolon sayfas\304\261na git" parameterizedStepValue:"Kad\304\261n kategorisinde pantolon sayfas\304\261na git" > > 
30-10-2021 15:07:50.845 [Gauge] [DEBUG] Api Request Received: messageType:GetStepValueRequest messageId:4 stepValueRequest:<stepText:" \304\260ki defa scroll et ve rastgele bir \303\274r\303\274n se\303\247" > 
30-10-2021 15:07:50.856 [Gauge] [DEBUG] Sending API response: messageType:GetStepValueResponse messageId:4 stepValueResponse:<stepValue:<stepValue:"\304\260ki defa scroll et ve rastgele bir \303\274r\303\274n se\303\247" parameterizedStepValue:"\304\260ki defa scroll et ve rastgele bir \303\274r\303\274n se\303\247" > > 
30-10-2021 15:07:50.894 [Gauge] [DEBUG] Api Request Received: messageType:GetStepValueRequest messageId:4 stepValueRequest:<stepText:" Login sayfas\304\261nda i\305\237lemleri yap" > 
30-10-2021 15:07:50.900 [Gauge] [DEBUG] Sending API response: messageType:GetStepValueResponse messageId:4 stepValueResponse:<stepValue:<stepValue:"Login sayfas\304\261nda i\305\237lemleri yap" parameterizedStepValue:"Login sayfas\304\261nda i\305\237lemleri yap" > > 
30-10-2021 15:07:50.952 [Gauge] [DEBUG] Api Request Received: messageType:GetStepValueRequest messageId:4 stepValueRequest:<stepText:" \304\260ki defa geri git" > 
30-10-2021 15:07:50.953 [Gauge] [DEBUG] Sending API response: messageType:GetStepValueResponse messageId:4 stepValueResponse:<stepValue:<stepValue:"\304\260ki defa geri git" parameterizedStepValue:"\304\260ki defa geri git" > > 
30-10-2021 15:07:50.984 [Gauge] [DEBUG] Api Request Received: messageType:GetStepValueRequest messageId:4 stepValueRequest:<stepText:" Rastgele bir \303\274r\303\274n se\303\247 ve sepete ekle" > 
30-10-2021 15:07:50.988 [Gauge] [DEBUG] Sending API response: messageType:GetStepValueResponse messageId:4 stepValueResponse:<stepValue:<stepValue:"Rastgele bir \303\274r\303\274n se\303\247 ve sepete ekle" parameterizedStepValue:"Rastgele bir \303\274r\303\274n se\303\247 ve sepete ekle" > > 
30-10-2021 15:08:10.805 [Gauge] [INFO] Concept file added / modified: C:\Users\testinium\OneDrive\Masaüstü\selenium-ödev\selenium-ödev\trendyol-selenium\polenodev\specs\steps.cpt
30-10-2021 15:08:10.834 [Gauge] [INFO] Concept file added / modified: C:\Users\testinium\OneDrive\Masaüstü\selenium-ödev\selenium-ödev\trendyol-selenium\polenodev\specs\steps.cpt
30-10-2021 15:08:21.169 [Gauge] [INFO] Concept file added / modified: C:\Users\testinium\OneDrive\Masaüstü\selenium-ödev\selenium-ödev\trendyol-selenium\polenodev\specs\steps.cpt
30-10-2021 15:08:21.173 [Gauge] [INFO] Concept file added / modified: C:\Users\testinium\OneDrive\Masaüstü\selenium-ödev\selenium-ödev\trendyol-selenium\polenodev\specs\steps.cpt
30-10-2021 15:18:31.914 [Gauge] [INFO] Concept file removed: C:\Users\testinium\OneDrive\Masaüstü\selenium-ödev\selenium-ödev\trendyol-selenium\polenodev\specs\main.cpt
30-10-2021 15:18:32.376 [Gauge] [DEBUG] Api Request Received: messageType:GetStepValueRequest messageId:4 stepValueRequest:<stepText:"* \"2\" saniye bekle" > 
30-10-2021 15:18:32.390 [Gauge] [DEBUG] Sending API response: messageType:GetStepValueResponse messageId:4 stepValueResponse:<stepValue:<stepValue:"* {} saniye bekle" parameterizedStepValue:"* <2> saniye bekle" parameters:"2" > > 
30-10-2021 15:18:32.391 [Gauge] [DEBUG] Api Request Received: messageType:GetStepValueRequest messageId:4 stepValueRequest:<stepText:"* A\303\247\304\261l\304\261\305\237 Sayfas\304\261 Kontrol" > 
30-10-2021 15:18:32.391 [Gauge] [DEBUG] Sending API response: messageType:GetStepValueResponse messageId:4 stepValueResponse:<stepValue:<stepValue:"* A\303\247\304\261l\304\261\305\237 Sayfas\304\261 Kontrol" parameterizedStepValue:"* A\303\247\304\261l\304\261\305\237 Sayfas\304\261 Kontrol" > > 
30-10-2021 15:18:32.391 [Gauge] [DEBUG] Api Request Received: messageType:GetStepValueRequest messageId:4 stepValueRequest:<stepText:"* \"com.ozdilek.ozdilekteyim:id/tv_startShoppingStore\" \304\260d'li elemente t\304\261kla" > 
30-10-2021 15:18:32.391 [Gauge] [DEBUG] Sending API response: messageType:GetStepValueResponse messageId:4 stepValueResponse:<stepValue:<stepValue:"* {} \304\260d'li elemente t\304\261kla" parameterizedStepValue:"* <com.ozdilek.ozdilekteyim:id/tv_startShoppingStore> \304\260d'li elemente t\304\261kla" parameters:"com.ozdilek.ozdilekteyim:id/tv_startShoppingStore" > > 
30-10-2021 15:18:32.391 [Gauge] [DEBUG] Api Request Received: messageType:GetStepValueRequest messageId:4 stepValueRequest:<stepText:"* \"1\" saniye bekle" > 
30-10-2021 15:18:32.391 [Gauge] [DEBUG] Sending API response: messageType:GetStepValueResponse messageId:4 stepValueResponse:<stepValue:<stepValue:"* {} saniye bekle" parameterizedStepValue:"* <1> saniye bekle" parameters:"1" > > 
30-10-2021 15:18:32.391 [Gauge] [DEBUG] Api Request Received: messageType:GetStepValueRequest messageId:4 stepValueRequest:<stepText:"* Al\304\261\305\237veri\305\237 Sayfas\304\261 Do\304\237rula" > 
30-10-2021 15:18:32.391 [Gauge] [DEBUG] Sending API response: messageType:GetStepValueResponse messageId:4 stepValueResponse:<stepValue:<stepValue:"* Al\304\261\305\237veri\305\237 Sayfas\304\261 Do\304\237rula" parameterizedStepValue:"* Al\304\261\305\237veri\305\237 Sayfas\304\261 Do\304\237rula" > > 
30-10-2021 15:18:32.392 [Gauge] [DEBUG] Api Request Received: messageType:GetStepValueRequest messageId:4 stepValueRequest:<stepText:"* \"com.ozdilek.ozdilekteyim:id/nav_categories\" \304\260d'li elemente t\304\261kla" > 
30-10-2021 15:18:32.392 [Gauge] [DEBUG] Sending API response: messageType:GetStepValueResponse messageId:4 stepValueResponse:<stepValue:<stepValue:"* {} \304\260d'li elemente t\304\261kla" parameterizedStepValue:"* <com.ozdilek.ozdilekteyim:id/nav_categories> \304\260d'li elemente t\304\261kla" parameters:"com.ozdilek.ozdilekteyim:id/nav_categories" > > 
30-10-2021 15:18:32.392 [Gauge] [DEBUG] Api Request Received: messageType:GetStepValueRequest messageId:4 stepValueRequest:<stepText:"* Kategori Sayfas\304\261 Kontrol" > 
30-10-2021 15:18:32.392 [Gauge] [DEBUG] Sending API response: messageType:GetStepValueResponse messageId:4 stepValueResponse:<stepValue:<stepValue:"* Kategori Sayfas\304\261 Kontrol" parameterizedStepValue:"* Kategori Sayfas\304\261 Kontrol" > > 
30-10-2021 15:18:32.392 [Gauge] [DEBUG] Api Request Received: messageType:GetStepValueRequest messageId:4 stepValueRequest:<stepText:"* \"//android.widget.RelativeLayout[@index=1]\" xpath'li elemente t\304\261kla" > 
30-10-2021 15:18:32.392 [Gauge] [DEBUG] Sending API response: messageType:GetStepValueResponse messageId:4 stepValueResponse:<stepValue:<stepValue:"* {} xpath'li elemente t\304\261kla" parameterizedStepValue:"* <//android.widget.RelativeLayout[@index=1]> xpath'li elemente t\304\261kla" parameters:"//android.widget.RelativeLayout[@index=1]" > > 
30-10-2021 15:18:32.392 [Gauge] [DEBUG] Api Request Received: messageType:GetStepValueRequest messageId:4 stepValueRequest:<stepText:"* \"//android.widget.TextView[@text='Pantolon']\" xpath'li elemente t\304\261kla" > 
30-10-2021 15:18:32.392 [Gauge] [DEBUG] Sending API response: messageType:GetStepValueResponse messageId:4 stepValueResponse:<stepValue:<stepValue:"* {} xpath'li elemente t\304\261kla" parameterizedStepValue:"* <//android.widget.TextView[@text='Pantolon']> xpath'li elemente t\304\261kla" parameters:"//android.widget.TextView[@text='Pantolon']" > > 
30-10-2021 15:18:32.392 [Gauge] [DEBUG] Api Request Received: messageType:GetStepValueRequest messageId:4 stepValueRequest:<stepText:"* sayfa boyunca scroll et" > 
30-10-2021 15:18:32.392 [Gauge] [DEBUG] Sending API response: messageType:GetStepValueResponse messageId:4 stepValueResponse:<stepValue:<stepValue:"* sayfa boyunca scroll et" parameterizedStepValue:"* sayfa boyunca scroll et" > > 
30-10-2021 15:18:32.393 [Gauge] [DEBUG] Api Request Received: messageType:GetStepValueRequest messageId:4 stepValueRequest:<stepText:"* \"//android.widget.ImageView[@resource-id='com.ozdilek.ozdilekteyim:id/imageView']\" xpath'te bulunan sayfada g\303\266r\303\274nen t\303\274m \303\274r\303\274nleri bul ve rastgele bir \303\274r\303\274ne t\304\261kla" > 
30-10-2021 15:18:32.393 [Gauge] [DEBUG] Sending API response: messageType:GetStepValueResponse messageId:4 stepValueResponse:<stepValue:<stepValue:"* {} xpath'te bulunan sayfada g\303\266r\303\274nen t\303\274m \303\274r\303\274nleri bul ve rastgele bir \303\274r\303\274ne t\304\261kla" parameterizedStepValue:"* <//android.widget.ImageView[@resource-id='com.ozdilek.ozdilekteyim:id/imageView']> xpath'te bulunan sayfada g\303\266r\303\274nen t\303\274m \303\274r\303\274nleri bul ve rastgele bir \303\274r\303\274ne t\304\261kla" parameters:"//android.widget.ImageView[@resource-id='com.ozdilek.ozdilekteyim:id/imageView']" > > 
30-10-2021 15:18:32.393 [Gauge] [DEBUG] Api Request Received: messageType:GetStepValueRequest messageId:4 stepValueRequest:<stepText:"* Product detail sayfas\304\261 do\304\237rulama" > 
30-10-2021 15:18:32.393 [Gauge] [DEBUG] Sending API response: messageType:GetStepValueResponse messageId:4 stepValueResponse:<stepValue:<stepValue:"* Product detail sayfas\304\261 do\304\237rulama" parameterizedStepValue:"* Product detail sayfas\304\261 do\304\237rulama" > > 
30-10-2021 15:18:32.393 [Gauge] [DEBUG] Api Request Received: messageType:GetStepValueRequest messageId:4 stepValueRequest:<stepText:"* \"com.ozdilek.ozdilekteyim:id/imgFav\" \304\260d'li elemente t\304\261kla" > 
30-10-2021 15:18:32.393 [Gauge] [DEBUG] Sending API response: messageType:GetStepValueResponse messageId:4 stepValueResponse:<stepValue:<stepValue:"* {} \304\260d'li elemente t\304\261kla" parameterizedStepValue:"* <com.ozdilek.ozdilekteyim:id/imgFav> \304\260d'li elemente t\304\261kla" parameters:"com.ozdilek.ozdilekteyim:id/imgFav" > > 
30-10-2021 15:18:32.393 [Gauge] [DEBUG] Api Request Received: messageType:GetStepValueRequest messageId:4 stepValueRequest:<stepText:"* Login page do\304\237rulama" > 
30-10-2021 15:18:32.393 [Gauge] [DEBUG] Sending API response: messageType:GetStepValueResponse messageId:4 stepValueResponse:<stepValue:<stepValue:"* Login page do\304\237rulama" parameterizedStepValue:"* Login page do\304\237rulama" > > 
30-10-2021 15:18:32.393 [Gauge] [DEBUG] Api Request Received: messageType:GetStepValueRequest messageId:4 stepValueRequest:<stepText:"* \"com.ozdilek.ozdilekteyim:id/etEposta\" \304\260d'li elemente \"text\" de\304\237erini yaz" > 
30-10-2021 15:18:32.393 [Gauge] [DEBUG] Sending API response: messageType:GetStepValueResponse messageId:4 stepValueResponse:<stepValue:<stepValue:"* {} \304\260d'li elemente {} de\304\237erini yaz" parameterizedStepValue:"* <com.ozdilek.ozdilekteyim:id/etEposta> \304\260d'li elemente <text> de\304\237erini yaz" parameters:"com.ozdilek.ozdilekteyim:id/etEposta" parameters:"text" > > 
30-10-2021 15:18:32.394 [Gauge] [DEBUG] Api Request Received: messageType:GetStepValueRequest messageId:4 stepValueRequest:<stepText:"* \"com.ozdilek.ozdilekteyim:id/etPassword\" \304\260d'li elemente \"sifre\" de\304\237erini yaz" > 
30-10-2021 15:18:32.394 [Gauge] [DEBUG] Sending API response: messageType:GetStepValueResponse messageId:4 stepValueResponse:<stepValue:<stepValue:"* {} \304\260d'li elemente {} de\304\237erini yaz" parameterizedStepValue:"* <com.ozdilek.ozdilekteyim:id/etPassword> \304\260d'li elemente <sifre> de\304\237erini yaz" parameters:"com.ozdilek.ozdilekteyim:id/etPassword" parameters:"sifre" > > 
30-10-2021 15:18:32.394 [Gauge] [DEBUG] Api Request Received: messageType:GetStepValueRequest messageId:4 stepValueRequest:<stepText:"* \"com.ozdilek.ozdilekteyim:id/ivBack\" \304\260d'li elemente t\304\261kla" > 
30-10-2021 15:18:32.394 [Gauge] [DEBUG] Sending API response: messageType:GetStepValueResponse messageId:4 stepValueResponse:<stepValue:<stepValue:"* {} \304\260d'li elemente t\304\261kla" parameterizedStepValue:"* <com.ozdilek.ozdilekteyim:id/ivBack> \304\260d'li elemente t\304\261kla" parameters:"com.ozdilek.ozdilekteyim:id/ivBack" > > 
30-10-2021 15:18:32.394 [Gauge] [DEBUG] Api Request Received: messageType:GetStepValueRequest messageId:4 stepValueRequest:<stepText:"* Sepete ekle" > 
30-10-2021 15:18:32.394 [Gauge] [DEBUG] Sending API response: messageType:GetStepValueResponse messageId:4 stepValueResponse:<stepValue:<stepValue:"* Sepete ekle" parameterizedStepValue:"* Sepete ekle" > > 
30-10-2021 15:18:32.394 [Gauge] [DEBUG] Api Request Received: messageType:GetStepValueRequest messageId:4 stepValueRequest:<stepText:"* \"3\" saniye bekle" > 
30-10-2021 15:18:32.394 [Gauge] [DEBUG] Sending API response: messageType:GetStepValueResponse messageId:4 stepValueResponse:<stepValue:<stepValue:"* {} saniye bekle" parameterizedStepValue:"* <3> saniye bekle" parameters:"3" > > 
30-10-2021 15:18:43.967 [Gauge] [INFO] Spec file added / modified: C:\Users\testinium\OneDrive\Masaüstü\selenium-ödev\selenium-ödev\trendyol-selenium\polenodev\specs\home.spec
30-10-2021 15:18:43.971 [Gauge] [INFO] Spec file added / modified: C:\Users\testinium\OneDrive\Masaüstü\selenium-ödev\selenium-ödev\trendyol-selenium\polenodev\specs\home.spec
30-10-2021 15:18:43.997 [Gauge] [INFO] Spec file added / modified: C:\Users\testinium\OneDrive\Masaüstü\selenium-ödev\selenium-ödev\trendyol-selenium\polenodev\specs\home.spec
30-10-2021 15:18:49.085 [Gauge] [INFO] Spec file added / modified: C:\Users\testinium\OneDrive\Masaüstü\selenium-ödev\selenium-ödev\trendyol-selenium\polenodev\specs\home.spec
30-10-2021 15:19:00.267 [Gauge] [INFO] Spec file added / modified: C:\Users\testinium\OneDrive\Masaüstü\selenium-ödev\selenium-ödev\trendyol-selenium\polenodev\specs\home.spec
30-10-2021 15:19:05.578 [Gauge] [INFO] Spec file added / modified: C:\Users\testinium\OneDrive\Masaüstü\selenium-ödev\selenium-ödev\trendyol-selenium\polenodev\specs\home.spec
30-10-2021 15:19:05.582 [Gauge] [INFO] Spec file added / modified: C:\Users\testinium\OneDrive\Masaüstü\selenium-ödev\selenium-ödev\trendyol-selenium\polenodev\specs\home.spec
30-10-2021 15:19:09.885 [Gauge] [INFO] Spec file added / modified: C:\Users\testinium\OneDrive\Masaüstü\selenium-ödev\selenium-ödev\trendyol-selenium\polenodev\specs\home.spec
30-10-2021 15:19:09.886 [Gauge] [INFO] Spec file added / modified: C:\Users\testinium\OneDrive\Masaüstü\selenium-ödev\selenium-ödev\trendyol-selenium\polenodev\specs\home.spec
30-10-2021 16:59:10.503 [Gauge] [DEBUG] Api Request Received: messageType:GetStepValueRequest messageId:4 stepValueRequest:<stepText:"<Key> xpath'te bulunan sayfada g\303\266r\303\274nen t\303\274m \303\274r\303\274nleri bul" > 
30-10-2021 16:59:10.508 [Gauge] [DEBUG] Sending API response: messageType:GetStepValueResponse messageId:4 stepValueResponse:<stepValue:<stepValue:"{} xpath'te bulunan sayfada g\303\266r\303\274nen t\303\274m \303\274r\303\274nleri bul" parameterizedStepValue:"<Key> xpath'te bulunan sayfada g\303\266r\303\274nen t\303\274m \303\274r\303\274nleri bul" parameters:"Key" > > 
30-10-2021 17:00:46.826 [Gauge] [INFO] Concept file added / modified: C:\Users\testinium\OneDrive\Masaüstü\selenium-ödev\selenium-ödev\trendyol-selenium\polenodev\specs\steps.cpt
30-10-2021 17:00:46.832 [Gauge] [INFO] Spec file added / modified: C:\Users\testinium\OneDrive\Masaüstü\selenium-ödev\selenium-ödev\trendyol-selenium\polenodev\specs\home.spec
30-10-2021 17:09:37.615 [Gauge] [DEBUG] Api Request Received: messageType:GetStepValueRequest messageId:4 stepValueRequest:<stepText:"\"com.ozdilek.ozdilekteyim:id/etEposta\" \304\260d'li elemente \"tex\" de\304\237erini yaz" > 
30-10-2021 17:09:37.623 [Gauge] [DEBUG] Sending API response: messageType:GetStepValueResponse messageId:4 stepValueResponse:<stepValue:<stepValue:"{} \304\260d'li elemente {} de\304\237erini yaz" parameterizedStepValue:"<com.ozdilek.ozdilekteyim:id/etEposta> \304\260d'li elemente <tex> de\304\237erini yaz" parameters:"com.ozdilek.ozdilekteyim:id/etEposta" parameters:"tex" > > 
30-10-2021 17:09:37.654 [Gauge] [DEBUG] Api Request Received: messageType:GetStepValueRequest messageId:4 stepValueRequest:<stepText:"\"com.ozdilek.ozdilekteyim:id/etEposta\" \304\260d'li elemente \"te\" de\304\237erini yaz" > 
30-10-2021 17:09:37.654 [Gauge] [DEBUG] Sending API response: messageType:GetStepValueResponse messageId:4 stepValueResponse:<stepValue:<stepValue:"{} \304\260d'li elemente {} de\304\237erini yaz" parameterizedStepValue:"<com.ozdilek.ozdilekteyim:id/etEposta> \304\260d'li elemente <te> de\304\237erini yaz" parameters:"com.ozdilek.ozdilekteyim:id/etEposta" parameters:"te" > > 
30-10-2021 17:09:37.756 [Gauge] [DEBUG] Api Request Received: messageType:GetStepValueRequest messageId:4 stepValueRequest:<stepText:"\"com.ozdilek.ozdilekteyim:id/etEposta\" \304\260d'li elemente \"t\" de\304\237erini yaz" > 
30-10-2021 17:09:37.756 [Gauge] [DEBUG] Sending API response: messageType:GetStepValueResponse messageId:4 stepValueResponse:<stepValue:<stepValue:"{} \304\260d'li elemente {} de\304\237erini yaz" parameterizedStepValue:"<com.ozdilek.ozdilekteyim:id/etEposta> \304\260d'li elemente <t> de\304\237erini yaz" parameters:"com.ozdilek.ozdilekteyim:id/etEposta" parameters:"t" > > 
30-10-2021 17:09:37.897 [Gauge] [DEBUG] Api Request Received: messageType:GetStepValueRequest messageId:4 stepValueRequest:<stepText:"\"com.ozdilek.ozdilekteyim:id/etEposta\" \304\260d'li elemente \"\" de\304\237erini yaz" > 
30-10-2021 17:09:37.897 [Gauge] [DEBUG] Sending API response: messageType:GetStepValueResponse messageId:4 stepValueResponse:<stepValue:<stepValue:"{} \304\260d'li elemente {} de\304\237erini yaz" parameterizedStepValue:"<com.ozdilek.ozdilekteyim:id/etEposta> \304\260d'li elemente <> de\304\237erini yaz" parameters:"com.ozdilek.ozdilekteyim:id/etEposta" parameters:"" > > 
30-10-2021 17:09:38.550 [Gauge] [DEBUG] Api Request Received: messageType:GetStepValueRequest messageId:4 stepValueRequest:<stepText:"\"com.ozdilek.ozdilekteyim:id/etEposta\" \304\260d'li elemente \"p\" de\304\237erini yaz" > 
30-10-2021 17:09:38.550 [Gauge] [DEBUG] Sending API response: messageType:GetStepValueResponse messageId:4 stepValueResponse:<stepValue:<stepValue:"{} \304\260d'li elemente {} de\304\237erini yaz" parameterizedStepValue:"<com.ozdilek.ozdilekteyim:id/etEposta> \304\260d'li elemente <p> de\304\237erini yaz" parameters:"com.ozdilek.ozdilekteyim:id/etEposta" parameters:"p" > > 
30-10-2021 17:09:39.010 [Gauge] [DEBUG] Api Request Received: messageType:GetStepValueRequest messageId:4 stepValueRequest:<stepText:"\"com.ozdilek.ozdilekteyim:id/etEposta\" \304\260d'li elemente \"pol\" de\304\237erini yaz" > 
30-10-2021 17:09:39.010 [Gauge] [DEBUG] Sending API response: messageType:GetStepValueResponse messageId:4 stepValueResponse:<stepValue:<stepValue:"{} \304\260d'li elemente {} de\304\237erini yaz" parameterizedStepValue:"<com.ozdilek.ozdilekteyim:id/etEposta> \304\260d'li elemente <pol> de\304\237erini yaz" parameters:"com.ozdilek.ozdilekteyim:id/etEposta" parameters:"pol" > > 
30-10-2021 17:09:39.102 [Gauge] [DEBUG] Api Request Received: messageType:GetStepValueRequest messageId:4 stepValueRequest:<stepText:"\"com.ozdilek.ozdilekteyim:id/etEposta\" \304\260d'li elemente \"pole\" de\304\237erini yaz" > 
30-10-2021 17:09:39.102 [Gauge] [DEBUG] Sending API response: messageType:GetStepValueResponse messageId:4 stepValueResponse:<stepValue:<stepValue:"{} \304\260d'li elemente {} de\304\237erini yaz" parameterizedStepValue:"<com.ozdilek.ozdilekteyim:id/etEposta> \304\260d'li elemente <pole> de\304\237erini yaz" parameters:"com.ozdilek.ozdilekteyim:id/etEposta" parameters:"pole" > > 
30-10-2021 17:09:39.771 [Gauge] [DEBUG] Api Request Received: messageType:GetStepValueRequest messageId:4 stepValueRequest:<stepText:"\"com.ozdilek.ozdilekteyim:id/etEposta\" \304\260d'li elemente \"polen\" de\304\237erini yaz" > 
30-10-2021 17:09:39.771 [Gauge] [DEBUG] Sending API response: messageType:GetStepValueResponse messageId:4 stepValueResponse:<stepValue:<stepValue:"{} \304\260d'li elemente {} de\304\237erini yaz" parameterizedStepValue:"<com.ozdilek.ozdilekteyim:id/etEposta> \304\260d'li elemente <polen> de\304\237erini yaz" parameters:"com.ozdilek.ozdilekteyim:id/etEposta" parameters:"polen" > > 
30-10-2021 17:09:40.240 [Gauge] [DEBUG] Api Request Received: messageType:GetStepValueRequest messageId:4 stepValueRequest:<stepText:"\"com.ozdilek.ozdilekteyim:id/etEposta\" \304\260d'li elemente \"polen.\" de\304\237erini yaz" > 
30-10-2021 17:09:40.240 [Gauge] [DEBUG] Sending API response: messageType:GetStepValueResponse messageId:4 stepValueResponse:<stepValue:<stepValue:"{} \304\260d'li elemente {} de\304\237erini yaz" parameterizedStepValue:"<com.ozdilek.ozdilekteyim:id/etEposta> \304\260d'li elemente <polen.> de\304\237erini yaz" parameters:"com.ozdilek.ozdilekteyim:id/etEposta" parameters:"polen." > > 
30-10-2021 17:09:40.359 [Gauge] [DEBUG] Api Request Received: messageType:GetStepValueRequest messageId:4 stepValueRequest:<stepText:"\"com.ozdilek.ozdilekteyim:id/etEposta\" \304\260d'li elemente \"polen.c\" de\304\237erini yaz" > 
30-10-2021 17:09:40.359 [Gauge] [DEBUG] Sending API response: messageType:GetStepValueResponse messageId:4 stepValueResponse:<stepValue:<stepValue:"{} \304\260d'li elemente {} de\304\237erini yaz" parameterizedStepValue:"<com.ozdilek.ozdilekteyim:id/etEposta> \304\260d'li elemente <polen.c> de\304\237erini yaz" parameters:"com.ozdilek.ozdilekteyim:id/etEposta" parameters:"polen.c" > > 
30-10-2021 17:09:40.504 [Gauge] [DEBUG] Api Request Received: messageType:GetStepValueRequest messageId:4 stepValueRequest:<stepText:"\"com.ozdilek.ozdilekteyim:id/etEposta\" \304\260d'li elemente \"polen.co\" de\304\237erini yaz" > 
30-10-2021 17:09:40.505 [Gauge] [DEBUG] Sending API response: messageType:GetStepValueResponse messageId:4 stepValueResponse:<stepValue:<stepValue:"{} \304\260d'li elemente {} de\304\237erini yaz" parameterizedStepValue:"<com.ozdilek.ozdilekteyim:id/etEposta> \304\260d'li elemente <polen.co> de\304\237erini yaz" parameters:"com.ozdilek.ozdilekteyim:id/etEposta" parameters:"polen.co" > > 
30-10-2021 17:09:40.713 [Gauge] [DEBUG] Api Request Received: messageType:GetStepValueRequest messageId:4 stepValueRequest:<stepText:"\"com.ozdilek.ozdilekteyim:id/etEposta\" \304\260d'li elemente \"polen.com\" de\304\237erini yaz" > 
30-10-2021 17:09:40.713 [Gauge] [DEBUG] Sending API response: messageType:GetStepValueResponse messageId:4 stepValueResponse:<stepValue:<stepValue:"{} \304\260d'li elemente {} de\304\237erini yaz" parameterizedStepValue:"<com.ozdilek.ozdilekteyim:id/etEposta> \304\260d'li elemente <polen.com> de\304\237erini yaz" parameters:"com.ozdilek.ozdilekteyim:id/etEposta" parameters:"polen.com" > > 
30-10-2021 17:09:40.838 [Gauge] [DEBUG] Api Request Received: messageType:GetStepValueRequest messageId:4 stepValueRequest:<stepText:"\"com.ozdilek.ozdilekteyim:id/etEposta\" \304\260d'li elemente \"polen.come\" de\304\237erini yaz" > 
30-10-2021 17:09:40.839 [Gauge] [DEBUG] Sending API response: messageType:GetStepValueResponse messageId:4 stepValueResponse:<stepValue:<stepValue:"{} \304\260d'li elemente {} de\304\237erini yaz" parameterizedStepValue:"<com.ozdilek.ozdilekteyim:id/etEposta> \304\260d'li elemente <polen.come> de\304\237erini yaz" parameters:"com.ozdilek.ozdilekteyim:id/etEposta" parameters:"polen.come" > > 
30-10-2021 17:09:40.958 [Gauge] [DEBUG] Api Request Received: messageType:GetStepValueRequest messageId:4 stepValueRequest:<stepText:"\"com.ozdilek.ozdilekteyim:id/etEposta\" \304\260d'li elemente \"polen.comel\" de\304\237erini yaz" > 
30-10-2021 17:09:40.958 [Gauge] [DEBUG] Sending API response: messageType:GetStepValueResponse messageId:4 stepValueResponse:<stepValue:<stepValue:"{} \304\260d'li elemente {} de\304\237erini yaz" parameterizedStepValue:"<com.ozdilek.ozdilekteyim:id/etEposta> \304\260d'li elemente <polen.comel> de\304\237erini yaz" parameters:"com.ozdilek.ozdilekteyim:id/etEposta" parameters:"polen.comel" > > 
30-10-2021 17:09:41.108 [Gauge] [DEBUG] Api Request Received: messageType:GetStepValueRequest messageId:4 stepValueRequest:<stepText:"\"com.ozdilek.ozdilekteyim:id/etEposta\" \304\260d'li elemente \"polen.comele\" de\304\237erini yaz" > 
30-10-2021 17:09:41.108 [Gauge] [DEBUG] Sending API response: messageType:GetStepValueResponse messageId:4 stepValueResponse:<stepValue:<stepValue:"{} \304\260d'li elemente {} de\304\237erini yaz" parameterizedStepValue:"<com.ozdilek.ozdilekteyim:id/etEposta> \304\260d'li elemente <polen.comele> de\304\237erini yaz" parameters:"com.ozdilek.ozdilekteyim:id/etEposta" parameters:"polen.comele" > > 
30-10-2021 17:09:41.324 [Gauge] [DEBUG] Api Request Received: messageType:GetStepValueRequest messageId:4 stepValueRequest:<stepText:"\"com.ozdilek.ozdilekteyim:id/etEposta\" \304\260d'li elemente \"polen.comelek\" de\304\237erini yaz" > 
30-10-2021 17:09:41.324 [Gauge] [DEBUG] Sending API response: messageType:GetStepValueResponse messageId:4 stepValueResponse:<stepValue:<stepValue:"{} \304\260d'li elemente {} de\304\237erini yaz" parameterizedStepValue:"<com.ozdilek.ozdilekteyim:id/etEposta> \304\260d'li elemente <polen.comelek> de\304\237erini yaz" parameters:"com.ozdilek.ozdilekteyim:id/etEposta" parameters:"polen.comelek" > > 
30-10-2021 17:09:42.241 [Gauge] [DEBUG] Api Request Received: messageType:GetStepValueRequest messageId:4 stepValueRequest:<stepText:"\"com.ozdilek.ozdilekteyim:id/etEposta\" \304\260d'li elemente \"polen.comelek@\" de\304\237erini yaz" > 
30-10-2021 17:09:42.242 [Gauge] [DEBUG] Sending API response: messageType:GetStepValueResponse messageId:4 stepValueResponse:<stepValue:<stepValue:"{} \304\260d'li elemente {} de\304\237erini yaz" parameterizedStepValue:"<com.ozdilek.ozdilekteyim:id/etEposta> \304\260d'li elemente <polen.comelek@> de\304\237erini yaz" parameters:"com.ozdilek.ozdilekteyim:id/etEposta" parameters:"polen.comelek@" > > 
30-10-2021 17:09:42.659 [Gauge] [DEBUG] Api Request Received: messageType:GetStepValueRequest messageId:4 stepValueRequest:<stepText:"\"com.ozdilek.ozdilekteyim:id/etEposta\" \304\260d'li elemente \"polen.comelek@t\" de\304\237erini yaz" > 
30-10-2021 17:09:42.659 [Gauge] [DEBUG] Sending API response: messageType:GetStepValueResponse messageId:4 stepValueResponse:<stepValue:<stepValue:"{} \304\260d'li elemente {} de\304\237erini yaz" parameterizedStepValue:"<com.ozdilek.ozdilekteyim:id/etEposta> \304\260d'li elemente <polen.comelek@t> de\304\237erini yaz" parameters:"com.ozdilek.ozdilekteyim:id/etEposta" parameters:"polen.comelek@t" > > 
30-10-2021 17:09:42.857 [Gauge] [DEBUG] Api Request Received: messageType:GetStepValueRequest messageId:4 stepValueRequest:<stepText:"\"com.ozdilek.ozdilekteyim:id/etEposta\" \304\260d'li elemente \"polen.comelek@te\" de\304\237erini yaz" > 
30-10-2021 17:09:42.857 [Gauge] [DEBUG] Sending API response: messageType:GetStepValueResponse messageId:4 stepValueResponse:<stepValue:<stepValue:"{} \304\260d'li elemente {} de\304\237erini yaz" parameterizedStepValue:"<com.ozdilek.ozdilekteyim:id/etEposta> \304\260d'li elemente <polen.comelek@te> de\304\237erini yaz" parameters:"com.ozdilek.ozdilekteyim:id/etEposta" parameters:"polen.comelek@te" > > 
30-10-2021 17:09:42.986 [Gauge] [DEBUG] Api Request Received: messageType:GetStepValueRequest messageId:4 stepValueRequest:<stepText:"\"com.ozdilek.ozdilekteyim:id/etEposta\" \304\260d'li elemente \"polen.comelek@tes\" de\304\237erini yaz" > 
30-10-2021 17:09:42.986 [Gauge] [DEBUG] Sending API response: messageType:GetStepValueResponse messageId:4 stepValueResponse:<stepValue:<stepValue:"{} \304\260d'li elemente {} de\304\237erini yaz" parameterizedStepValue:"<com.ozdilek.ozdilekteyim:id/etEposta> \304\260d'li elemente <polen.comelek@tes> de\304\237erini yaz" parameters:"com.ozdilek.ozdilekteyim:id/etEposta" parameters:"polen.comelek@tes" > > 
30-10-2021 17:09:43.113 [Gauge] [DEBUG] Api Request Received: messageType:GetStepValueRequest messageId:4 stepValueRequest:<stepText:"\"com.ozdilek.ozdilekteyim:id/etEposta\" \304\260d'li elemente \"polen.comelek@test\" de\304\237erini yaz" > 
30-10-2021 17:09:43.113 [Gauge] [DEBUG] Sending API response: messageType:GetStepValueResponse messageId:4 stepValueResponse:<stepValue:<stepValue:"{} \304\260d'li elemente {} de\304\237erini yaz" parameterizedStepValue:"<com.ozdilek.ozdilekteyim:id/etEposta> \304\260d'li elemente <polen.comelek@test> de\304\237erini yaz" parameters:"com.ozdilek.ozdilekteyim:id/etEposta" parameters:"polen.comelek@test" > > 
30-10-2021 17:09:44.058 [Gauge] [DEBUG] Api Request Received: messageType:GetStepValueRequest messageId:4 stepValueRequest:<stepText:"\"com.ozdilek.ozdilekteyim:id/etEposta\" \304\260d'li elemente \"polen.comelek@testi\" de\304\237erini yaz" > 
30-10-2021 17:09:44.058 [Gauge] [DEBUG] Sending API response: messageType:GetStepValueResponse messageId:4 stepValueResponse:<stepValue:<stepValue:"{} \304\260d'li elemente {} de\304\237erini yaz" parameterizedStepValue:"<com.ozdilek.ozdilekteyim:id/etEposta> \304\260d'li elemente <polen.comelek@testi> de\304\237erini yaz" parameters:"com.ozdilek.ozdilekteyim:id/etEposta" parameters:"polen.comelek@testi" > > 
30-10-2021 17:09:44.326 [Gauge] [DEBUG] Api Request Received: messageType:GetStepValueRequest messageId:4 stepValueRequest:<stepText:"\"com.ozdilek.ozdilekteyim:id/etEposta\" \304\260d'li elemente \"polen.comelek@testin\" de\304\237erini yaz" > 
30-10-2021 17:09:44.327 [Gauge] [DEBUG] Sending API response: messageType:GetStepValueResponse messageId:4 stepValueResponse:<stepValue:<stepValue:"{} \304\260d'li elemente {} de\304\237erini yaz" parameterizedStepValue:"<com.ozdilek.ozdilekteyim:id/etEposta> \304\260d'li elemente <polen.comelek@testin> de\304\237erini yaz" parameters:"com.ozdilek.ozdilekteyim:id/etEposta" parameters:"polen.comelek@testin" > > 
30-10-2021 17:09:44.601 [Gauge] [DEBUG] Api Request Received: messageType:GetStepValueRequest messageId:4 stepValueRequest:<stepText:"\"com.ozdilek.ozdilekteyim:id/etEposta\" \304\260d'li elemente \"polen.comelek@testini\" de\304\237erini yaz" > 
30-10-2021 17:09:44.601 [Gauge] [DEBUG] Sending API response: messageType:GetStepValueResponse messageId:4 stepValueResponse:<stepValue:<stepValue:"{} \304\260d'li elemente {} de\304\237erini yaz" parameterizedStepValue:"<com.ozdilek.ozdilekteyim:id/etEposta> \304\260d'li elemente <polen.comelek@testini> de\304\237erini yaz" parameters:"com.ozdilek.ozdilekteyim:id/etEposta" parameters:"polen.comelek@testini" > > 
30-10-2021 17:09:45.016 [Gauge] [DEBUG] Api Request Received: messageType:GetStepValueRequest messageId:4 stepValueRequest:<stepText:"\"com.ozdilek.ozdilekteyim:id/etEposta\" \304\260d'li elemente \"polen.comelek@testiniu\" de\304\237erini yaz" > 
30-10-2021 17:09:45.017 [Gauge] [DEBUG] Sending API response: messageType:GetStepValueResponse messageId:4 stepValueResponse:<stepValue:<stepValue:"{} \304\260d'li elemente {} de\304\237erini yaz" parameterizedStepValue:"<com.ozdilek.ozdilekteyim:id/etEposta> \304\260d'li elemente <polen.comelek@testiniu> de\304\237erini yaz" parameters:"com.ozdilek.ozdilekteyim:id/etEposta" parameters:"polen.comelek@testiniu" > > 
30-10-2021 17:09:45.223 [Gauge] [DEBUG] Api Request Received: messageType:GetStepValueRequest messageId:4 stepValueRequest:<stepText:"\"com.ozdilek.ozdilekteyim:id/etEposta\" \304\260d'li elemente \"polen.comelek@testinium\" de\304\237erini yaz" > 
30-10-2021 17:09:45.223 [Gauge] [DEBUG] Sending API response: messageType:GetStepValueResponse messageId:4 stepValueResponse:<stepValue:<stepValue:"{} \304\260d'li elemente {} de\304\237erini yaz" parameterizedStepValue:"<com.ozdilek.ozdilekteyim:id/etEposta> \304\260d'li elemente <polen.comelek@testinium> de\304\237erini yaz" parameters:"com.ozdilek.ozdilekteyim:id/etEposta" parameters:"polen.comelek@testinium" > > 
30-10-2021 17:09:45.511 [Gauge] [DEBUG] Api Request Received: messageType:GetStepValueRequest messageId:4 stepValueRequest:<stepText:"\"com.ozdilek.ozdilekteyim:id/etEposta\" \304\260d'li elemente \"polen.comelek@testinium.\" de\304\237erini yaz" > 
30-10-2021 17:09:45.512 [Gauge] [DEBUG] Sending API response: messageType:GetStepValueResponse messageId:4 stepValueResponse:<stepValue:<stepValue:"{} \304\260d'li elemente {} de\304\237erini yaz" parameterizedStepValue:"<com.ozdilek.ozdilekteyim:id/etEposta> \304\260d'li elemente <polen.comelek@testinium.> de\304\237erini yaz" parameters:"com.ozdilek.ozdilekteyim:id/etEposta" parameters:"polen.comelek@testinium." > > 
30-10-2021 17:09:45.761 [Gauge] [DEBUG] Api Request Received: messageType:GetStepValueRequest messageId:4 stepValueRequest:<stepText:"\"com.ozdilek.ozdilekteyim:id/etEposta\" \304\260d'li elemente \"polen.comelek@testinium.c\" de\304\237erini yaz" > 
30-10-2021 17:09:45.762 [Gauge] [DEBUG] Sending API response: messageType:GetStepValueResponse messageId:4 stepValueResponse:<stepValue:<stepValue:"{} \304\260d'li elemente {} de\304\237erini yaz" parameterizedStepValue:"<com.ozdilek.ozdilekteyim:id/etEposta> \304\260d'li elemente <polen.comelek@testinium.c> de\304\237erini yaz" parameters:"com.ozdilek.ozdilekteyim:id/etEposta" parameters:"polen.comelek@testinium.c" > > 
30-10-2021 17:09:45.900 [Gauge] [DEBUG] Api Request Received: messageType:GetStepValueRequest messageId:4 stepValueRequest:<stepText:"\"com.ozdilek.ozdilekteyim:id/etEposta\" \304\260d'li elemente \"polen.comelek@testinium.co\" de\304\237erini yaz" > 
30-10-2021 17:09:45.901 [Gauge] [DEBUG] Sending API response: messageType:GetStepValueResponse messageId:4 stepValueResponse:<stepValue:<stepValue:"{} \304\260d'li elemente {} de\304\237erini yaz" parameterizedStepValue:"<com.ozdilek.ozdilekteyim:id/etEposta> \304\260d'li elemente <polen.comelek@testinium.co> de\304\237erini yaz" parameters:"com.ozdilek.ozdilekteyim:id/etEposta" parameters:"polen.comelek@testinium.co" > > 
30-10-2021 17:09:46.098 [Gauge] [DEBUG] Api Request Received: messageType:GetStepValueRequest messageId:4 stepValueRequest:<stepText:"\"com.ozdilek.ozdilekteyim:id/etEposta\" \304\260d'li elemente \"polen.comelek@testinium.com\" de\304\237erini yaz" > 
30-10-2021 17:09:46.098 [Gauge] [DEBUG] Sending API response: messageType:GetStepValueResponse messageId:4 stepValueResponse:<stepValue:<stepValue:"{} \304\260d'li elemente {} de\304\237erini yaz" parameterizedStepValue:"<com.ozdilek.ozdilekteyim:id/etEposta> \304\260d'li elemente <polen.comelek@testinium.com> de\304\237erini yaz" parameters:"com.ozdilek.ozdilekteyim:id/etEposta" parameters:"polen.comelek@testinium.com" > > 
30-10-2021 17:09:48.977 [Gauge] [DEBUG] Api Request Received: messageType:GetStepValueRequest messageId:4 stepValueRequest:<stepText:"\"com.ozdilek.ozdilekteyim:id/etPassword\" \304\260d'li elemente \"sifr\" de\304\237erini yaz" > 
30-10-2021 17:09:48.982 [Gauge] [DEBUG] Sending API response: messageType:GetStepValueResponse messageId:4 stepValueResponse:<stepValue:<stepValue:"{} \304\260d'li elemente {} de\304\237erini yaz" parameterizedStepValue:"<com.ozdilek.ozdilekteyim:id/etPassword> \304\260d'li elemente <sifr> de\304\237erini yaz" parameters:"com.ozdilek.ozdilekteyim:id/etPassword" parameters:"sifr" > > 
30-10-2021 17:09:49.148 [Gauge] [DEBUG] Api Request Received: messageType:GetStepValueRequest messageId:4 stepValueRequest:<stepText:"\"com.ozdilek.ozdilekteyim:id/etPassword\" \304\260d'li elemente \"sif\" de\304\237erini yaz" > 
30-10-2021 17:09:49.148 [Gauge] [DEBUG] Sending API response: messageType:GetStepValueResponse messageId:4 stepValueResponse:<stepValue:<stepValue:"{} \304\260d'li elemente {} de\304\237erini yaz" parameterizedStepValue:"<com.ozdilek.ozdilekteyim:id/etPassword> \304\260d'li elemente <sif> de\304\237erini yaz" parameters:"com.ozdilek.ozdilekteyim:id/etPassword" parameters:"sif" > > 
30-10-2021 17:09:49.287 [Gauge] [DEBUG] Api Request Received: messageType:GetStepValueRequest messageId:4 stepValueRequest:<stepText:"\"com.ozdilek.ozdilekteyim:id/etPassword\" \304\260d'li elemente \"si\" de\304\237erini yaz" > 
30-10-2021 17:09:49.287 [Gauge] [DEBUG] Sending API response: messageType:GetStepValueResponse messageId:4 stepValueResponse:<stepValue:<stepValue:"{} \304\260d'li elemente {} de\304\237erini yaz" parameterizedStepValue:"<com.ozdilek.ozdilekteyim:id/etPassword> \304\260d'li elemente <si> de\304\237erini yaz" parameters:"com.ozdilek.ozdilekteyim:id/etPassword" parameters:"si" > > 
30-10-2021 17:09:49.413 [Gauge] [DEBUG] Api Request Received: messageType:GetStepValueRequest messageId:4 stepValueRequest:<stepText:"\"com.ozdilek.ozdilekteyim:id/etPassword\" \304\260d'li elemente \"s\" de\304\237erini yaz" > 
30-10-2021 17:09:49.413 [Gauge] [DEBUG] Sending API response: messageType:GetStepValueResponse messageId:4 stepValueResponse:<stepValue:<stepValue:"{} \304\260d'li elemente {} de\304\237erini yaz" parameterizedStepValue:"<com.ozdilek.ozdilekteyim:id/etPassword> \304\260d'li elemente <s> de\304\237erini yaz" parameters:"com.ozdilek.ozdilekteyim:id/etPassword" parameters:"s" > > 
30-10-2021 17:09:49.876 [Gauge] [DEBUG] Api Request Received: messageType:GetStepValueRequest messageId:4 stepValueRequest:<stepText:"\"com.ozdilek.ozdilekteyim:id/etPassword\" \304\260d'li elemente \"\" de\304\237erini yaz" > 
30-10-2021 17:09:49.876 [Gauge] [DEBUG] Sending API response: messageType:GetStepValueResponse messageId:4 stepValueResponse:<stepValue:<stepValue:"{} \304\260d'li elemente {} de\304\237erini yaz" parameterizedStepValue:"<com.ozdilek.ozdilekteyim:id/etPassword> \304\260d'li elemente <> de\304\237erini yaz" parameters:"com.ozdilek.ozdilekteyim:id/etPassword" parameters:"" > > 
30-10-2021 17:09:50.364 [Gauge] [DEBUG] Api Request Received: messageType:GetStepValueRequest messageId:4 stepValueRequest:<stepText:"\"com.ozdilek.ozdilekteyim:id/etPassword\" \304\260d'li elemente \"P\" de\304\237erini yaz" > 
30-10-2021 17:09:50.365 [Gauge] [DEBUG] Sending API response: messageType:GetStepValueResponse messageId:4 stepValueResponse:<stepValue:<stepValue:"{} \304\260d'li elemente {} de\304\237erini yaz" parameterizedStepValue:"<com.ozdilek.ozdilekteyim:id/etPassword> \304\260d'li elemente <P> de\304\237erini yaz" parameters:"com.ozdilek.ozdilekteyim:id/etPassword" parameters:"P" > > 
30-10-2021 17:09:50.559 [Gauge] [DEBUG] Api Request Received: messageType:GetStepValueRequest messageId:4 stepValueRequest:<stepText:"\"com.ozdilek.ozdilekteyim:id/etPassword\" \304\260d'li elemente \"Po\" de\304\237erini yaz" > 
30-10-2021 17:09:50.560 [Gauge] [DEBUG] Sending API response: messageType:GetStepValueResponse messageId:4 stepValueResponse:<stepValue:<stepValue:"{} \304\260d'li elemente {} de\304\237erini yaz" parameterizedStepValue:"<com.ozdilek.ozdilekteyim:id/etPassword> \304\260d'li elemente <Po> de\304\237erini yaz" parameters:"com.ozdilek.ozdilekteyim:id/etPassword" parameters:"Po" > > 
30-10-2021 17:09:50.735 [Gauge] [DEBUG] Api Request Received: messageType:GetStepValueRequest messageId:4 stepValueRequest:<stepText:"\"com.ozdilek.ozdilekteyim:id/etPassword\" \304\260d'li elemente \"Pol\" de\304\237erini yaz" > 
30-10-2021 17:09:50.735 [Gauge] [DEBUG] Sending API response: messageType:GetStepValueResponse messageId:4 stepValueResponse:<stepValue:<stepValue:"{} \304\260d'li elemente {} de\304\237erini yaz" parameterizedStepValue:"<com.ozdilek.ozdilekteyim:id/etPassword> \304\260d'li elemente <Pol> de\304\237erini yaz" parameters:"com.ozdilek.ozdilekteyim:id/etPassword" parameters:"Pol" > > 
30-10-2021 17:09:50.865 [Gauge] [DEBUG] Api Request Received: messageType:GetStepValueRequest messageId:4 stepValueRequest:<stepText:"\"com.ozdilek.ozdilekteyim:id/etPassword\" \304\260d'li elemente \"Pole\" de\304\237erini yaz" > 
30-10-2021 17:09:50.865 [Gauge] [DEBUG] Sending API response: messageType:GetStepValueResponse messageId:4 stepValueResponse:<stepValue:<stepValue:"{} \304\260d'li elemente {} de\304\237erini yaz" parameterizedStepValue:"<com.ozdilek.ozdilekteyim:id/etPassword> \304\260d'li elemente <Pole> de\304\237erini yaz" parameters:"com.ozdilek.ozdilekteyim:id/etPassword" parameters:"Pole" > > 
30-10-2021 17:09:51.800 [Gauge] [DEBUG] Api Request Received: messageType:GetStepValueRequest messageId:4 stepValueRequest:<stepText:"\"com.ozdilek.ozdilekteyim:id/etPassword\" \304\260d'li elemente \"Polen\" de\304\237erini yaz" > 
30-10-2021 17:09:51.801 [Gauge] [DEBUG] Sending API response: messageType:GetStepValueResponse messageId:4 stepValueResponse:<stepValue:<stepValue:"{} \304\260d'li elemente {} de\304\237erini yaz" parameterizedStepValue:"<com.ozdilek.ozdilekteyim:id/etPassword> \304\260d'li elemente <Polen> de\304\237erini yaz" parameters:"com.ozdilek.ozdilekteyim:id/etPassword" parameters:"Polen" > > 
30-10-2021 17:09:52.061 [Gauge] [DEBUG] Api Request Received: messageType:GetStepValueRequest messageId:4 stepValueRequest:<stepText:"\"com.ozdilek.ozdilekteyim:id/etPassword\" \304\260d'li elemente \"Polen1\" de\304\237erini yaz" > 
30-10-2021 17:09:52.061 [Gauge] [DEBUG] Sending API response: messageType:GetStepValueResponse messageId:4 stepValueResponse:<stepValue:<stepValue:"{} \304\260d'li elemente {} de\304\237erini yaz" parameterizedStepValue:"<com.ozdilek.ozdilekteyim:id/etPassword> \304\260d'li elemente <Polen1> de\304\237erini yaz" parameters:"com.ozdilek.ozdilekteyim:id/etPassword" parameters:"Polen1" > > 
30-10-2021 17:09:52.615 [Gauge] [DEBUG] Api Request Received: messageType:GetStepValueRequest messageId:4 stepValueRequest:<stepText:"\"com.ozdilek.ozdilekteyim:id/etPassword\" \304\260d'li elemente \"Polen19\" de\304\237erini yaz" > 
30-10-2021 17:09:52.615 [Gauge] [DEBUG] Sending API response: messageType:GetStepValueResponse messageId:4 stepValueResponse:<stepValue:<stepValue:"{} \304\260d'li elemente {} de\304\237erini yaz" parameterizedStepValue:"<com.ozdilek.ozdilekteyim:id/etPassword> \304\260d'li elemente <Polen19> de\304\237erini yaz" parameters:"com.ozdilek.ozdilekteyim:id/etPassword" parameters:"Polen19" > > 
30-10-2021 17:09:52.758 [Gauge] [DEBUG] Api Request Received: messageType:GetStepValueRequest messageId:4 stepValueRequest:<stepText:"\"com.ozdilek.ozdilekteyim:id/etPassword\" \304\260d'li elemente \"Polen199\" de\304\237erini yaz" > 
30-10-2021 17:09:52.758 [Gauge] [DEBUG] Sending API response: messageType:GetStepValueResponse messageId:4 stepValueResponse:<stepValue:<stepValue:"{} \304\260d'li elemente {} de\304\237erini yaz" parameterizedStepValue:"<com.ozdilek.ozdilekteyim:id/etPassword> \304\260d'li elemente <Polen199> de\304\237erini yaz" parameters:"com.ozdilek.ozdilekteyim:id/etPassword" parameters:"Polen199" > > 
30-10-2021 17:09:53.030 [Gauge] [DEBUG] Api Request Received: messageType:GetStepValueRequest messageId:4 stepValueRequest:<stepText:"\"com.ozdilek.ozdilekteyim:id/etPassword\" \304\260d'li elemente \"Polen1997\" de\304\237erini yaz" > 
30-10-2021 17:09:53.030 [Gauge] [DEBUG] Sending API response: messageType:GetStepValueResponse messageId:4 stepValueResponse:<stepValue:<stepValue:"{} \304\260d'li elemente {} de\304\237erini yaz" parameterizedStepValue:"<com.ozdilek.ozdilekteyim:id/etPassword> \304\260d'li elemente <Polen1997> de\304\237erini yaz" parameters:"com.ozdilek.ozdilekteyim:id/etPassword" parameters:"Polen1997" > > 
30-10-2021 17:09:59.965 [Gauge] [INFO] Concept file added / modified: C:\Users\testinium\OneDrive\Masaüstü\selenium-ödev\selenium-ödev\trendyol-selenium\polenodev\specs\steps.cpt
30-10-2021 17:10:00.001 [Gauge] [INFO] Concept file added / modified: C:\Users\testinium\OneDrive\Masaüstü\selenium-ödev\selenium-ödev\trendyol-selenium\polenodev\specs\steps.cpt
30-10-2021 17:10:08.153 [Gauge] [INFO] Concept file added / modified: C:\Users\testinium\OneDrive\Masaüstü\selenium-ödev\selenium-ödev\trendyol-selenium\polenodev\specs\steps.cpt
30-10-2021 17:10:08.157 [Gauge] [INFO] Concept file added / modified: C:\Users\testinium\OneDrive\Masaüstü\selenium-ödev\selenium-ödev\trendyol-selenium\polenodev\specs\steps.cpt
30-10-2021 17:15:23.720 [Gauge] [DEBUG] Api Request Received: messageType:GetStepValueRequest messageId:4 stepValueRequest:<stepText:"* \"com.ozdilek.ozdilekteyim:id/etEposta\" \304\260d'li elemente \"polen.comelek@testinium.com\" de\304\237erini yaz" > 
30-10-2021 17:15:23.720 [Gauge] [DEBUG] Sending API response: messageType:GetStepValueResponse messageId:4 stepValueResponse:<stepValue:<stepValue:"* {} \304\260d'li elemente {} de\304\237erini yaz" parameterizedStepValue:"* <com.ozdilek.ozdilekteyim:id/etEposta> \304\260d'li elemente <polen.comelek@testinium.com> de\304\237erini yaz" parameters:"com.ozdilek.ozdilekteyim:id/etEposta" parameters:"polen.comelek@testinium.com" > > 
30-10-2021 17:15:23.723 [Gauge] [DEBUG] Api Request Received: messageType:GetStepValueRequest messageId:4 stepValueRequest:<stepText:"* \"com.ozdilek.ozdilekteyim:id/etPassword\" \304\260d'li elemente \"Polen1997\" de\304\237erini yaz" > 
30-10-2021 17:15:23.723 [Gauge] [DEBUG] Sending API response: messageType:GetStepValueResponse messageId:4 stepValueResponse:<stepValue:<stepValue:"* {} \304\260d'li elemente {} de\304\237erini yaz" parameterizedStepValue:"* <com.ozdilek.ozdilekteyim:id/etPassword> \304\260d'li elemente <Polen1997> de\304\237erini yaz" parameters:"com.ozdilek.ozdilekteyim:id/etPassword" parameters:"Polen1997" > > 
